Performing C SOURCE FILE Test CMAKE_HAVE_LIBC_PTHREAD failed with the following output:
Change Dir: /home/lcbryant/桌面/myslam/result/build/CMakeFiles/CMakeTmp

Run Build Command(s):/usr/bin/make cmTC_e566e/fast && /usr/bin/make -f CMakeFiles/cmTC_e566e.dir/build.make CMakeFiles/cmTC_e566e.dir/build
make[1]: Entering directory '/home/lcbryant/桌面/myslam/result/build/CMakeFiles/CMakeTmp'
Building C object CMakeFiles/cmTC_e566e.dir/src.c.o
/usr/bin/cc   -DCMAKE_HAVE_LIBC_PTHREAD   -o CMakeFiles/cmTC_e566e.dir/src.c.o   -c /home/lcbryant/桌面/myslam/result/build/CMakeFiles/CMakeTmp/src.c
Linking C executable cmTC_e566e
/opt/cmake-3.15.2/bin/cmake -E cmake_link_script CMakeFiles/cmTC_e566e.dir/link.txt --verbose=1
/usr/bin/cc  -DCMAKE_HAVE_LIBC_PTHREAD    -rdynamic CMakeFiles/cmTC_e566e.dir/src.c.o  -o cmTC_e566e 
CMakeFiles/cmTC_e566e.dir/src.c.o：在函数‘main’中：
src.c:(.text+0x3c)：对‘pthread_create’未定义的引用
src.c:(.text+0x48)：对‘pthread_detach’未定义的引用
src.c:(.text+0x59)：对‘pthread_join’未定义的引用
src.c:(.text+0x6d)：对‘pthread_atfork’未定义的引用
collect2: error: ld returned 1 exit status
CMakeFiles/cmTC_e566e.dir/build.make:86: recipe for target 'cmTC_e566e' failed
make[1]: *** [cmTC_e566e] Error 1
make[1]: Leaving directory '/home/lcbryant/桌面/myslam/result/build/CMakeFiles/CMakeTmp'
Makefile:121: recipe for target 'cmTC_e566e/fast' failed
make: *** [cmTC_e566e/fast] Error 2


Source file was:
#include <pthread.h>

void* test_func(void* data)
{
  return data;
}

int main(void)
{
  pthread_t thread;
  pthread_create(&thread, NULL, test_func, NULL);
  pthread_detach(thread);
  pthread_join(thread, NULL);
  pthread_atfork(NULL, NULL, NULL);
  pthread_exit(NULL);

  return 0;
}

Determining if the function pthread_create exists in the pthreads failed with the following output:
Change Dir: /home/lcbryant/桌面/myslam/result/build/CMakeFiles/CMakeTmp

Run Build Command(s):/usr/bin/make cmTC_30871/fast && /usr/bin/make -f CMakeFiles/cmTC_30871.dir/build.make CMakeFiles/cmTC_30871.dir/build
make[1]: Entering directory '/home/lcbryant/桌面/myslam/result/build/CMakeFiles/CMakeTmp'
Building C object CMakeFiles/cmTC_30871.dir/CheckFunctionExists.c.o
/usr/bin/cc   -DCHECK_FUNCTION_EXISTS=pthread_create   -o CMakeFiles/cmTC_30871.dir/CheckFunctionExists.c.o   -c /opt/cmake-3.15.2/share/cmake-3.15/Modules/CheckFunctionExists.c
Linking C executable cmTC_30871
/opt/cmake-3.15.2/bin/cmake -E cmake_link_script CMakeFiles/cmTC_30871.dir/link.txt --verbose=1
/usr/bin/cc  -DCHECK_FUNCTION_EXISTS=pthread_create    -rdynamic CMakeFiles/cmTC_30871.dir/CheckFunctionExists.c.o  -o cmTC_30871 -lpthreads 
/usr/bin/ld: 找不到 -lpthreads
collect2: error: ld returned 1 exit status
CMakeFiles/cmTC_30871.dir/build.make:86: recipe for target 'cmTC_30871' failed
make[1]: *** [cmTC_30871] Error 1
make[1]: Leaving directory '/home/lcbryant/桌面/myslam/result/build/CMakeFiles/CMakeTmp'
Makefile:121: recipe for target 'cmTC_30871/fast' failed
make: *** [cmTC_30871/fast] Error 2



